<?xml version="1.0" encoding="UTF-8"?>
<!-- Generated by org.testng.reporters.JUnitXMLReporter -->
<testsuite ignored="1" hostname="ICS-LT-BF2T2F3" failures="1" tests="1" name="Test" time="0.089" errors="0" timestamp="2024-08-13T19:28:37 IST">
  <testcase classname="testCases.TC001_Register" name="Verify_Registration" time="0.043">
    <failure type="java.lang.NullPointerException" message="Cannot invoke &amp;quot;org.openqa.selenium.SearchContext.findElement(org.openqa.selenium.By)&amp;quot; because &amp;quot;this.searchContext&amp;quot; is null">
      <![CDATA[java.lang.NullPointerException: Cannot invoke "org.openqa.selenium.SearchContext.findElement(org.openqa.selenium.By)" because "this.searchContext" is null
at org.openqa.selenium.support.pagefactory.DefaultElementLocator.findElement(DefaultElementLocator.java:68)
at org.openqa.selenium.support.pagefactory.internal.LocatingElementHandler.invoke(LocatingElementHandler.java:38)
at jdk.proxy2/jdk.proxy2.$Proxy12.click(Unknown Source)
at pageObject.HomePage.clkRegister(HomePage.java:28)
at testCases.TC001_Register.Verify_Registration(TC001_Register.java:28)
at java.base/java.util.ArrayList.forEach(ArrayList.java:1511)
... Removed 27 stack frames]]>
    </failure>
  </testcase> <!-- Verify_Registration -->
  <testcase classname="testCases.TC002_Login" name="Verify_login" time="0.0">
    <ignored/>
  </testcase> <!-- Verify_login -->
</testsuite> <!-- Test -->
