<?xml version="1.0" encoding="UTF-8"?>
<testng-results ignored="0" total="1" passed="1" failed="0" skipped="0">
  <reporter-output>
  </reporter-output>
  <suite started-at="2024-08-22T16:22:14 IST" name="Suite" finished-at="2024-08-22T16:22:21 IST" duration-ms="6904">
    <groups>
      <group name="Regression">
        <method signature="TC001_Register.Verify_Registration()[pri:0, instance:testCases.TC001_Register@7c729a55]" name="Verify_Registration" class="testCases.TC001_Register"/>
      </group> <!-- Regression -->
    </groups>
    <test started-at="2024-08-22T16:22:14 IST" name="ChroTest" finished-at="2024-08-22T16:22:21 IST" duration-ms="6904">
      <class name="testCases.TC001_Register">
        <test-method is-config="true" signature="setup(java.lang.String)[pri:0, instance:testCases.TC001_Register@7c729a55]" started-at="2024-08-22T16:22:14 IST" name="setup" finished-at="2024-08-22T16:22:19 IST" duration-ms="4795" status="PASS">
          <params>
            <param index="0">
              <value>
                <![CDATA[chrome]]>
              </value>
            </param>
          </params>
          <reporter-output>
          </reporter-output>
        </test-method> <!-- setup -->
        <test-method signature="Verify_Registration()[pri:0, instance:testCases.TC001_Register@7c729a55]" started-at="2024-08-22T16:22:19 IST" name="Verify_Registration" finished-at="2024-08-22T16:22:21 IST" duration-ms="2054" status="PASS">
          <reporter-output>
          </reporter-output>
        </test-method> <!-- Verify_Registration -->
      </class> <!-- testCases.TC001_Register -->
    </test> <!-- ChroTest -->
  </suite> <!-- Suite -->
</testng-results>
